<?xml version="1.0" encoding="UTF-8"?>
<testsuite xmlns:xsi="http://www.w3.org/2001/XMLSchema-instance" xsi:noNamespaceSchemaLocation="https://maven.apache.org/surefire/maven-surefire-plugin/xsd/surefire-test-report.xsd" name="com.adactin.testrunner.Test_Runner" time="49.405" tests="42" errors="0" skipped="0" failures="0">
  <properties>
[...]
</properties>
  <testcase name="Given user Launch The Application" classname="| aaa | 123 |" time="0.006"/>
  <testcase name="When user Enter The &quot;aaa&quot; In Username Field" classname="| aaa | 123 |" time="0"/>
  <testcase name="And user Enter The &quot;123&quot; In Password Field" classname="| aaa | 123 |" time="0"/>
  <testcase name="Then user Click On The Login Button And It Navigates To Search Hotel Page" classname="| aaa | 123 |" time="0"/>
  <testcase name="| aaa | 123 |" classname="| aaa | 123 |" time="0.004"/>
  <testcase name="Given user Launch The Application" classname="| bbb | 123 |" time="0"/>
  <testcase name="When user Enter The &quot;bbb&quot; In Username Field" classname="| bbb | 123 |" time="0"/>
  <testcase name="And user Enter The &quot;123&quot; In Password Field" classname="| bbb | 123 |" time="0.005"/>
  <testcase name="Then user Click On The Login Button And It Navigates To Search Hotel Page" classname="| bbb | 123 |" time="0.001"/>
  <testcase name="| bbb | 123 |" classname="| bbb | 123 |" time="0.033"/>
  <testcase name="Given user Launch The Application" classname="| Dineshvikash | Dinvik@93 |" time="0"/>
  <testcase name="When user Enter The &quot;Dineshvikash&quot; In Username Field" classname="| Dineshvikash | Dinvik@93 |" time="0"/>
  <testcase name="And user Enter The &quot;Dinvik@93&quot; In Password Field" classname="| Dineshvikash | Dinvik@93 |" time="0"/>
  <testcase name="Then user Click On The Login Button And It Navigates To Search Hotel Page" classname="| Dineshvikash | Dinvik@93 |" time="0"/>
  <testcase name="| Dineshvikash | Dinvik@93 |" classname="| Dineshvikash | Dinvik@93 |" time="0"/>
  <testcase name="When user Select The Hotel Location In Location Field" classname="Scenario: Searching For Hotel" time="0"/>
  <testcase name="And user Select The Hotel In Hotel Field" classname="Scenario: Searching For Hotel" time="0"/>
  <testcase name="And user Select The Room Type In Room Type Field" classname="Scenario: Searching For Hotel" time="0"/>
  <testcase name="And user Select The Number Of Rooms In Number Of Rooms Field" classname="Scenario: Searching For Hotel" time="0"/>
  <testcase name="And user Select The Check In Date In Check In Date Field" classname="Scenario: Searching For Hotel" time="0"/>
  <testcase name="And user Select The Check Out Date In Check Out Date Field" classname="Scenario: Searching For Hotel" time="0"/>
  <testcase name="And user Select The Adults Per Room In Adults Per Room Field" classname="Scenario: Searching For Hotel" time="0"/>
  <testcase name="And user Select The Children Per Room In Children Per Room Field" classname="Scenario: Searching For Hotel" time="0"/>
  <testcase name="Then user Click On The Serach Button And It Navigates To Select Hotel Page" classname="Scenario: Searching For Hotel" time="0"/>
  <testcase name="Scenario: Searching For Hotel" classname="Scenario: Searching For Hotel" time="0"/>
  <testcase name="When user Select The Hotel In Checkbox Field" classname="Scenario: Selecting Hotel" time="0"/>
  <testcase name="Then user Click On The Continue Button And It Navigates To Book A Hotel Page" classname="Scenario: Selecting Hotel" time="0"/>
  <testcase name="Scenario: Selecting Hotel" classname="Scenario: Selecting Hotel" time="0"/>
  <testcase name="When user Enter The First Name In First Name Field" classname="Scenario: Booking For Hotel" time="0"/>
  <testcase name="And user Enter The Last Name In Last Name Field" classname="Scenario: Booking For Hotel" time="0"/>
  <testcase name="And user Enter The Billing Address In Billing Address Field" classname="Scenario: Booking For Hotel" time="0"/>
  <testcase name="And user Enter The Credit Card Number In Credit Card Number Field" classname="Scenario: Booking For Hotel" time="0"/>
  <testcase name="And user Select The Credit Card Type In Credit Card Type Field" classname="Scenario: Booking For Hotel" time="0"/>
  <testcase name="And user Select The Month In Select Month Field" classname="Scenario: Booking For Hotel" time="0"/>
  <testcase name="And user Select The Year In Select Year Field" classname="Scenario: Booking For Hotel" time="0"/>
  <testcase name="And user Enter CVV Number In CVV Number Field" classname="Scenario: Booking For Hotel" time="0.001"/>
  <testcase name="Then user Click On The Book Now Button And It Navigates To Booking Confirmation Page" classname="Scenario: Booking For Hotel" time="0"/>
  <testcase name="Scenario: Booking For Hotel" classname="Scenario: Booking For Hotel" time="0"/>
  <testcase name="Then user Click On The My Itinerary Button And It Navigates To Book A Hotel Page" classname="Scenario: Booking Confirmation" time="0"/>
  <testcase name="Scenario: Booking Confirmation" classname="Scenario: Booking Confirmation" time="0.018"/>
  <testcase name="Then user Click On The Logout Button And It Navigates To You Have Successfully Logged Out Page" classname="Scenario: Booked Itinerary" time="0"/>
  <testcase name="Scenario: Booked Itinerary" classname="Scenario: Booked Itinerary" time="0"/>
</testsuite>